TN:
SF:/projects/app/services/data-service.ts
FN:3,(anonymous_1)
FN:10,(anonymous_2)
FN:23,(anonymous_3)
FN:24,DataService
FN:46,(anonymous_5)
FN:49,(anonymous_6)
FN:53,(anonymous_7)
FN:55,(anonymous_8)
FN:58,(anonymous_9)
FN:60,(anonymous_10)
FN:62,(anonymous_11)
FN:66,(anonymous_12)
FN:69,(anonymous_13)
FN:78,(anonymous_14)
FN:82,(anonymous_15)
FN:85,(anonymous_16)
FN:97,(anonymous_17)
FN:101,(anonymous_18)
FN:102,(anonymous_19)
FN:104,(anonymous_20)
FN:106,(anonymous_21)
FN:110,(anonymous_22)
FN:114,(anonymous_23)
FN:117,(anonymous_24)
FN:119,(anonymous_25)
FN:121,(anonymous_26)
FN:125,(anonymous_27)
FN:127,(anonymous_28)
FN:133,(anonymous_29)
FN:136,(anonymous_30)
FN:142,(anonymous_31)
FN:149,(anonymous_32)
FN:151,(anonymous_33)
FN:154,(anonymous_34)
FN:157,(anonymous_35)
FN:161,(anonymous_36)
FN:168,(anonymous_37)
FN:170,(anonymous_38)
FN:177,(anonymous_39)
FN:182,(anonymous_40)
FN:191,(anonymous_41)
FN:198,(anonymous_42)
FN:202,(anonymous_43)
FN:216,(anonymous_44)
FN:228,(anonymous_45)
FN:232,(anonymous_46)
FN:235,(anonymous_47)
FN:238,(anonymous_48)
FN:244,(anonymous_49)
FN:247,(anonymous_50)
FN:249,(anonymous_51)
FN:253,(anonymous_52)
FN:258,(anonymous_53)
FN:273,(anonymous_54)
FN:289,(anonymous_55)
FN:309,(anonymous_56)
FNF:56
FNH:6
FNDA:1,(anonymous_1)
FNDA:1,(anonymous_2)
FNDA:1,(anonymous_3)
FNDA:1,DataService
FNDA:1,(anonymous_5)
FNDA:1,(anonymous_6)
FNDA:0,(anonymous_7)
FNDA:0,(anonymous_8)
FNDA:0,(anonymous_9)
FNDA:0,(anonymous_10)
FNDA:0,(anonymous_11)
FNDA:0,(anonymous_12)
FNDA:0,(anonymous_13)
FNDA:0,(anonymous_14)
FNDA:0,(anonymous_15)
FNDA:0,(anonymous_16)
FNDA:0,(anonymous_17)
FNDA:0,(anonymous_18)
FNDA:0,(anonymous_19)
FNDA:0,(anonymous_20)
FNDA:0,(anonymous_21)
FNDA:0,(anonymous_22)
FNDA:0,(anonymous_23)
FNDA:0,(anonymous_24)
FNDA:0,(anonymous_25)
FNDA:0,(anonymous_26)
FNDA:0,(anonymous_27)
FNDA:0,(anonymous_28)
FNDA:0,(anonymous_29)
FNDA:0,(anonymous_30)
FNDA:0,(anonymous_31)
FNDA:0,(anonymous_32)
FNDA:0,(anonymous_33)
FNDA:0,(anonymous_34)
FNDA:0,(anonymous_35)
FNDA:0,(anonymous_36)
FNDA:0,(anonymous_37)
FNDA:0,(anonymous_38)
FNDA:0,(anonymous_39)
FNDA:0,(anonymous_40)
FNDA:0,(anonymous_41)
FNDA:0,(anonymous_42)
FNDA:0,(anonymous_43)
FNDA:0,(anonymous_44)
FNDA:0,(anonymous_45)
FNDA:0,(anonymous_46)
FNDA:0,(anonymous_47)
FNDA:0,(anonymous_48)
FNDA:0,(anonymous_49)
FNDA:0,(anonymous_50)
FNDA:0,(anonymous_51)
FNDA:0,(anonymous_52)
FNDA:0,(anonymous_53)
FNDA:0,(anonymous_54)
FNDA:0,(anonymous_55)
FNDA:0,(anonymous_56)
DA:0,1
DA:1,1
DA:3,1
DA:4,1
DA:5,1
DA:7,1
DA:8,1
DA:9,1
DA:10,1
DA:11,1
DA:12,1
DA:14,1
DA:15,1
DA:18,1
DA:19,1
DA:20,1
DA:21,1
DA:22,1
DA:23,1
DA:24,1
DA:25,1
DA:28,1
DA:31,1
DA:35,1
DA:37,1
DA:39,1
DA:40,1
DA:44,1
DA:47,1
DA:49,1
DA:50,1
DA:54,1
DA:55,0
DA:57,0
DA:58,0
DA:59,0
DA:64,0
DA:65,0
DA:66,0
DA:69,0
DA:70,0
DA:71,0
DA:72,0
DA:73,0
DA:74,0
DA:76,0
DA:83,1
DA:84,0
DA:85,0
DA:88,1
DA:89,0
DA:92,1
DA:95,0
DA:97,0
DA:99,0
DA:101,0
DA:105,1
DA:106,0
DA:107,0
DA:108,0
DA:110,0
DA:113,0
DA:114,0
DA:117,0
DA:118,0
DA:119,0
DA:120,0
DA:122,0
DA:125,0
DA:126,0
DA:129,0
DA:130,0
DA:131,0
DA:132,0
DA:134,0
DA:135,0
DA:137,0
DA:139,0
DA:146,1
DA:147,0
DA:148,0
DA:149,0
DA:150,0
DA:153,0
DA:154,0
DA:158,0
DA:159,0
DA:160,0
DA:161,0
DA:163,0
DA:164,0
DA:166,0
DA:167,0
DA:168,0
DA:169,0
DA:172,0
DA:173,0
DA:175,0
DA:176,0
DA:180,0
DA:181,0
DA:182,0
DA:187,1
DA:188,0
DA:190,0
DA:191,0
DA:194,0
DA:198,1
DA:201,0
DA:205,1
DA:206,0
DA:207,0
DA:208,0
DA:209,0
DA:210,0
DA:211,0
DA:213,0
DA:214,0
DA:215,0
DA:216,0
DA:218,0
DA:220,0
DA:222,0
DA:223,0
DA:227,1
DA:228,0
DA:229,0
DA:230,0
DA:231,0
DA:232,0
DA:233,0
DA:234,0
DA:235,0
DA:236,0
DA:240,0
DA:241,0
DA:244,0
DA:247,1
DA:248,0
DA:249,0
DA:250,0
DA:251,0
DA:252,0
DA:254,0
DA:255,0
DA:256,0
DA:257,0
DA:259,0
DA:260,0
DA:262,0
DA:263,0
DA:265,0
DA:266,0
DA:270,0
DA:271,0
DA:274,0
DA:276,0
DA:280,1
DA:281,0
DA:284,1
DA:285,0
DA:286,0
DA:289,1
DA:290,0
DA:291,0
DA:292,0
DA:293,0
DA:294,0
DA:296,0
DA:299,1
DA:303,0
DA:305,0
DA:309,0
DA:311,0
DA:315,1
DA:318,0
DA:320,0
DA:322,0
DA:324,0
DA:328,0
DA:331,1
DA:334,0
DA:336,0
DA:338,0
DA:340,0
DA:342,0
DA:344,0
DA:346,0
DA:348,0
DA:352,1
DA:355,0
DA:356,0
DA:358,0
DA:359,0
DA:361,0
DA:362,0
DA:364,0
DA:365,0
DA:369,1
LF:199
LH:50
BRDA:3,1,0,1
BRDA:3,1,1,1
BRDA:3,1,2,1
BRDA:5,2,0,1
BRDA:5,2,1,0
BRDA:5,3,0,0
BRDA:5,3,1,0
BRDA:7,4,0,1
BRDA:7,4,1,0
BRDA:7,5,0,1
BRDA:7,5,1,1
BRDA:7,6,0,0
BRDA:7,6,1,0
BRDA:7,7,0,0
BRDA:7,7,1,0
BRDA:7,8,0,0
BRDA:7,8,1,0
BRDA:7,9,0,0
BRDA:7,9,1,0
BRDA:8,10,0,1
BRDA:8,10,1,0
BRDA:8,10,2,0
BRDA:10,11,0,1
BRDA:10,11,1,1
BRDA:10,11,2,1
BRDA:11,12,0,1
BRDA:11,12,1,0
BRDA:11,13,0,1
BRDA:11,13,1,1
BRDA:67,14,0,0
BRDA:67,14,1,0
BRDA:86,15,0,0
BRDA:86,15,1,0
BRDA:86,15,2,0
BRDA:86,15,3,0
BRDA:101,16,0,0
BRDA:101,16,1,0
BRDA:112,17,0,0
BRDA:112,17,1,0
BRDA:122,18,0,0
BRDA:122,18,1,0
BRDA:144,19,0,0
BRDA:144,19,1,0
BRDA:152,20,0,0
BRDA:152,20,1,0
BRDA:170,21,0,0
BRDA:170,21,1,0
BRDA:170,22,0,0
BRDA:170,22,1,0
BRDA:170,22,2,0
BRDA:187,23,0,0
BRDA:187,23,1,0
BRDA:204,24,0,0
BRDA:204,24,1,0
BRDA:208,25,0,0
BRDA:208,25,1,0
BRDA:211,26,0,0
BRDA:211,26,1,0
BRDA:220,27,0,0
BRDA:220,27,1,0
BRDA:223,28,0,0
BRDA:223,28,1,0
BRDA:233,29,0,0
BRDA:233,29,1,0
BRDA:255,30,0,0
BRDA:255,30,1,0
BRDA:256,31,0,0
BRDA:256,31,1,0
BRDA:256,32,0,0
BRDA:256,32,1,0
BRDA:259,33,0,0
BRDA:259,33,1,0
BRDA:259,33,2,0
BRDA:259,33,3,0
BRDA:259,33,4,0
BRDA:259,33,5,0
BRDA:259,33,6,0
BRDA:274,34,0,0
BRDA:274,34,1,0
BRDA:274,34,2,0
BRDA:274,34,3,0
BRDA:274,34,4,0
BRDA:274,34,5,0
BRDA:274,34,6,0
BRDA:290,35,0,0
BRDA:290,35,1,0
BRDA:290,35,2,0
BRDA:290,35,3,0
BRDA:290,35,4,0
BRDA:290,35,5,0
BRDA:290,35,6,0
BRDA:290,35,7,0
BRDA:310,36,0,0
BRDA:310,36,1,0
BRDA:310,36,2,0
BRDA:310,36,3,0
BRDA:310,36,4,0
BRF:97
BRH:29
end_of_record
TN:
SF:/projects/app/services/remote-service.ts
FN:3,(anonymous_1)
FN:10,(anonymous_2)
FN:16,(anonymous_3)
FN:17,RemoteService
FN:20,(anonymous_5)
FN:24,(anonymous_6)
FN:29,(anonymous_7)
FN:32,(anonymous_8)
FN:36,(anonymous_9)
FN:40,(anonymous_10)
FN:43,(anonymous_11)
FN:46,(anonymous_12)
FN:50,(anonymous_13)
FN:52,(anonymous_14)
FN:55,(anonymous_15)
FN:59,(anonymous_16)
FNF:16
FNH:4
FNDA:1,(anonymous_1)
FNDA:1,(anonymous_2)
FNDA:1,(anonymous_3)
FNDA:1,RemoteService
FNDA:0,(anonymous_5)
FNDA:0,(anonymous_6)
FNDA:0,(anonymous_7)
FNDA:0,(anonymous_8)
FNDA:0,(anonymous_9)
FNDA:0,(anonymous_10)
FNDA:0,(anonymous_11)
FNDA:0,(anonymous_12)
FNDA:0,(anonymous_13)
FNDA:0,(anonymous_14)
FNDA:0,(anonymous_15)
FNDA:0,(anonymous_16)
DA:0,1
DA:1,1
DA:3,1
DA:4,1
DA:8,1
DA:9,1
DA:11,1
DA:15,1
DA:16,0
DA:17,0
DA:19,0
DA:21,0
DA:24,1
DA:25,0
DA:26,0
DA:27,0
DA:28,0
DA:31,1
DA:32,0
DA:35,1
DA:36,0
DA:37,0
DA:40,1
DA:41,0
DA:42,0
DA:45,1
DA:46,0
DA:49,1
DA:50,0
DA:53,1
DA:54,0
DA:58,1
DA:59,0
DA:60,0
DA:65,0
DA:68,1
DA:69,0
DA:72,0
DA:74,1
LF:39
LH:18
BRDA:3,1,0,1
BRDA:3,1,1,1
BRDA:3,1,2,1
BRDA:5,2,0,1
BRDA:5,2,1,0
BRDA:5,3,0,0
BRDA:5,3,1,0
BRDA:7,4,0,1
BRDA:7,4,1,0
BRDA:7,5,0,1
BRDA:7,5,1,1
BRDA:7,6,0,0
BRDA:7,6,1,0
BRDA:7,7,0,0
BRDA:7,7,1,0
BRDA:7,8,0,0
BRDA:7,8,1,0
BRDA:7,9,0,0
BRDA:7,9,1,0
BRDA:8,10,0,1
BRDA:8,10,1,0
BRDA:8,10,2,0
BRDA:10,11,0,1
BRDA:10,11,1,1
BRDA:10,11,2,1
BRDA:11,12,0,1
BRDA:11,12,1,0
BRDA:11,13,0,1
BRDA:11,13,1,1
BRDA:21,14,0,0
BRDA:21,14,1,0
BRDA:26,15,0,0
BRDA:26,15,1,0
BRDA:26,16,0,0
BRDA:26,16,1,0
BRDA:51,17,0,0
BRDA:51,17,1,0
BRF:37
BRH:29
end_of_record
TN:
SF:/projects/app/services/base-service.ts
FN:3,(anonymous_1)
FN:10,(anonymous_2)
FN:13,(anonymous_3)
FN:14,(anonymous_4)
FN:25,(anonymous_5)
FN:26,BaseService
FN:33,(anonymous_7)
FN:37,(anonymous_8)
FN:40,(anonymous_9)
FNF:9
FNH:6
FNDA:1,(anonymous_1)
FNDA:1,(anonymous_2)
FNDA:1,(anonymous_3)
FNDA:1,(anonymous_4)
FNDA:1,(anonymous_5)
FNDA:1,BaseService
FNDA:0,(anonymous_7)
FNDA:0,(anonymous_8)
FNDA:0,(anonymous_9)
DA:0,1
DA:1,1
DA:3,1
DA:4,1
DA:5,1
DA:6,1
DA:7,1
DA:8,1
DA:10,1
DA:11,1
DA:13,1
DA:15,1
DA:16,1
DA:17,1
DA:20,1
DA:21,0
DA:22,0
DA:23,0
DA:25,0
DA:26,0
DA:32,1
LF:21
LH:16
BRDA:3,1,0,1
BRDA:3,1,1,1
BRDA:3,1,2,1
BRDA:5,2,0,1
BRDA:5,2,1,0
BRDA:5,3,0,0
BRDA:5,3,1,0
BRDA:7,4,0,1
BRDA:7,4,1,0
BRDA:7,5,0,1
BRDA:7,5,1,1
BRDA:7,6,0,0
BRDA:7,6,1,0
BRDA:7,7,0,0
BRDA:7,7,1,0
BRDA:7,8,0,0
BRDA:7,8,1,0
BRDA:7,9,0,0
BRDA:7,9,1,0
BRDA:8,10,0,1
BRDA:8,10,1,0
BRDA:8,10,2,0
BRDA:10,11,0,1
BRDA:10,11,1,1
BRDA:10,11,2,1
BRDA:11,12,0,1
BRDA:11,12,1,0
BRDA:11,13,0,1
BRDA:11,13,1,1
BRDA:13,14,0,1
BRDA:13,14,1,1
BRDA:13,14,2,1
BRDA:34,15,0,0
BRDA:34,15,1,0
BRDA:37,16,0,0
BRDA:37,16,1,0
BRDA:40,17,0,0
BRDA:40,17,1,0
BRDA:42,18,0,0
BRDA:42,18,1,0
BRF:40
BRH:32
end_of_record
TN:
SF:/projects/app/services/token-auth/auth-service.ts
FN:3,(anonymous_1)
FN:10,(anonymous_2)
FN:13,(anonymous_3)
FN:14,(anonymous_4)
FN:26,(anonymous_5)
FN:27,MyTokenAuth
FN:53,(anonymous_7)
FN:58,(anonymous_8)
FN:62,(anonymous_9)
FN:83,(anonymous_10)
FN:86,(anonymous_11)
FN:89,(anonymous_12)
FN:92,(anonymous_13)
FN:95,(anonymous_14)
FN:106,(anonymous_15)
FN:111,(anonymous_16)
FN:116,(anonymous_17)
FN:119,(anonymous_18)
FN:120,(anonymous_19)
FN:124,(anonymous_20)
FN:128,(anonymous_21)
FN:137,(anonymous_22)
FN:141,(anonymous_23)
FN:163,(anonymous_24)
FN:174,(anonymous_25)
FN:178,(anonymous_26)
FN:185,(anonymous_27)
FN:193,(anonymous_28)
FN:198,(anonymous_29)
FN:203,(anonymous_30)
FN:208,(anonymous_31)
FN:211,(anonymous_32)
FN:218,(anonymous_33)
FN:226,(anonymous_34)
FN:228,(anonymous_35)
FN:233,(anonymous_36)
FN:235,(anonymous_37)
FN:240,(anonymous_38)
FN:247,(anonymous_39)
FN:249,(anonymous_40)
FN:268,(anonymous_41)
FN:275,(anonymous_42)
FN:277,(anonymous_43)
FN:282,(anonymous_44)
FN:289,(anonymous_45)
FN:295,(anonymous_46)
FN:301,(anonymous_47)
FN:305,(anonymous_48)
FN:319,(anonymous_49)
FN:322,(anonymous_50)
FN:341,(anonymous_51)
FN:347,(anonymous_52)
FN:352,(anonymous_53)
FN:359,(anonymous_54)
FN:364,(anonymous_55)
FN:368,(anonymous_56)
FN:380,(anonymous_57)
FN:388,(anonymous_58)
FN:399,(anonymous_59)
FN:418,(anonymous_60)
FN:421,(anonymous_61)
FN:442,(anonymous_62)
FN:464,(anonymous_63)
FN:470,(anonymous_64)
FN:486,(anonymous_65)
FN:501,(anonymous_66)
FN:507,(anonymous_67)
FN:510,(anonymous_68)
FN:523,(anonymous_69)
FN:530,(anonymous_70)
FN:548,(anonymous_71)
FN:558,(anonymous_72)
FN:570,(anonymous_73)
FN:592,(anonymous_74)
FN:603,(anonymous_75)
FN:607,(anonymous_76)
FN:618,(anonymous_77)
FN:625,(anonymous_78)
FN:632,(anonymous_79)
FN:646,(anonymous_80)
FN:660,(anonymous_81)
FN:663,(anonymous_82)
FNF:82
FNH:17
FNDA:1,(anonymous_1)
FNDA:1,(anonymous_2)
FNDA:1,(anonymous_3)
FNDA:1,(anonymous_4)
FNDA:1,(anonymous_5)
FNDA:1,MyTokenAuth
FNDA:0,(anonymous_7)
FNDA:0,(anonymous_8)
FNDA:0,(anonymous_9)
FNDA:0,(anonymous_10)
FNDA:0,(anonymous_11)
FNDA:0,(anonymous_12)
FNDA:0,(anonymous_13)
FNDA:0,(anonymous_14)
FNDA:1,(anonymous_15)
FNDA:1,(anonymous_16)
FNDA:1,(anonymous_17)
FNDA:0,(anonymous_18)
FNDA:1,(anonymous_19)
FNDA:0,(anonymous_20)
FNDA:0,(anonymous_21)
FNDA:0,(anonymous_22)
FNDA:10,(anonymous_23)
FNDA:0,(anonymous_24)
FNDA:0,(anonymous_25)
FNDA:0,(anonymous_26)
FNDA:0,(anonymous_27)
FNDA:0,(anonymous_28)
FNDA:0,(anonymous_29)
FNDA:0,(anonymous_30)
FNDA:0,(anonymous_31)
FNDA:0,(anonymous_32)
FNDA:0,(anonymous_33)
FNDA:0,(anonymous_34)
FNDA:0,(anonymous_35)
FNDA:0,(anonymous_36)
FNDA:0,(anonymous_37)
FNDA:0,(anonymous_38)
FNDA:0,(anonymous_39)
FNDA:0,(anonymous_40)
FNDA:0,(anonymous_41)
FNDA:0,(anonymous_42)
FNDA:0,(anonymous_43)
FNDA:0,(anonymous_44)
FNDA:0,(anonymous_45)
FNDA:0,(anonymous_46)
FNDA:2,(anonymous_47)
FNDA:0,(anonymous_48)
FNDA:0,(anonymous_49)
FNDA:0,(anonymous_50)
FNDA:0,(anonymous_51)
FNDA:0,(anonymous_52)
FNDA:0,(anonymous_53)
FNDA:0,(anonymous_54)
FNDA:0,(anonymous_55)
FNDA:0,(anonymous_56)
FNDA:0,(anonymous_57)
FNDA:0,(anonymous_58)
FNDA:1,(anonymous_59)
FNDA:1,(anonymous_60)
FNDA:1,(anonymous_61)
FNDA:0,(anonymous_62)
FNDA:0,(anonymous_63)
FNDA:0,(anonymous_64)
FNDA:0,(anonymous_65)
FNDA:0,(anonymous_66)
FNDA:0,(anonymous_67)
FNDA:0,(anonymous_68)
FNDA:0,(anonymous_69)
FNDA:0,(anonymous_70)
FNDA:0,(anonymous_71)
FNDA:0,(anonymous_72)
FNDA:4,(anonymous_73)
FNDA:0,(anonymous_74)
FNDA:0,(anonymous_75)
FNDA:0,(anonymous_76)
FNDA:0,(anonymous_77)
FNDA:0,(anonymous_78)
FNDA:0,(anonymous_79)
FNDA:0,(anonymous_80)
FNDA:0,(anonymous_81)
FNDA:1,(anonymous_82)
DA:0,4
DA:1,1
DA:2,1
DA:3,1
DA:4,1
DA:6,1
DA:7,1
DA:8,1
DA:9,1
DA:11,1
DA:12,1
DA:13,1
DA:14,1
DA:15,1
DA:16,1
DA:17,1
DA:18,1
DA:19,1
DA:20,1
DA:21,1
DA:22,1
DA:23,1
DA:24,1
DA:25,1
DA:26,1
DA:28,1
DA:37,0
DA:42,0
DA:46,0
DA:67,0
DA:70,0
DA:73,0
DA:76,0
DA:79,0
DA:88,1
DA:89,1
DA:91,1
DA:92,1
DA:93,1
DA:94,1
DA:96,1
DA:99,1
DA:101,1
DA:102,1
DA:106,1
DA:107,1
DA:110,1
DA:114,1
DA:115,1
DA:116,1
DA:119,1
DA:120,0
DA:121,0
DA:124,1
DA:125,0
DA:126,0
DA:128,0
DA:129,0
DA:130,0
DA:132,0
DA:133,0
DA:137,1
DA:138,10
DA:139,10
DA:140,0
DA:141,0
DA:142,0
DA:143,0
DA:144,0
DA:145,0
DA:146,0
DA:149,10
DA:150,0
DA:154,0
DA:155,0
DA:160,1
DA:161,0
DA:162,0
DA:163,0
DA:165,0
DA:166,0
DA:169,0
DA:170,0
DA:172,0
DA:176,0
DA:179,0
DA:183,1
DA:184,0
DA:185,0
DA:187,0
DA:192,0
DA:194,0
DA:195,0
DA:196,0
DA:197,0
DA:199,0
DA:200,0
DA:205,1
DA:206,0
DA:209,0
DA:211,0
DA:212,0
DA:215,0
DA:216,0
DA:217,0
DA:218,0
DA:222,1
DA:223,0
DA:224,0
DA:225,0
DA:227,0
DA:228,0
DA:229,0
DA:231,0
DA:233,0
DA:234,0
DA:238,1
DA:239,0
DA:241,0
DA:244,0
DA:246,0
DA:249,0
DA:255,1
DA:256,0
DA:258,0
DA:259,0
DA:260,0
DA:261,0
DA:262,0
DA:263,0
DA:264,0
DA:265,0
DA:266,0
DA:267,0
DA:268,0
DA:271,0
DA:273,0
DA:277,0
DA:280,0
DA:284,1
DA:285,0
DA:287,0
DA:288,0
DA:292,0
DA:295,0
DA:299,1
DA:300,0
DA:301,0
DA:303,0
DA:304,0
DA:305,0
DA:309,1
DA:311,2
DA:314,1
DA:315,0
DA:316,0
DA:317,0
DA:318,0
DA:319,0
DA:320,0
DA:321,0
DA:323,0
DA:325,0
DA:329,1
DA:330,0
DA:333,1
DA:334,0
DA:335,0
DA:336,0
DA:337,0
DA:338,0
DA:339,0
DA:340,0
DA:342,0
DA:343,0
DA:344,0
DA:345,0
DA:346,0
DA:347,0
DA:348,0
DA:351,1
DA:352,0
DA:353,0
DA:355,0
DA:356,0
DA:359,1
DA:360,0
DA:361,0
DA:362,0
DA:363,0
DA:364,0
DA:365,0
DA:366,0
DA:367,0
DA:368,0
DA:371,1
DA:372,0
DA:375,0
DA:376,0
DA:377,0
DA:378,0
DA:379,0
DA:380,0
DA:381,0
DA:382,0
DA:386,1
DA:387,0
DA:391,0
DA:392,0
DA:395,1
DA:396,0
DA:397,0
DA:398,0
DA:399,0
DA:400,0
DA:401,0
DA:402,0
DA:403,0
DA:406,1
DA:407,1
DA:408,1
DA:409,1
DA:410,1
DA:411,0
DA:412,0
DA:413,0
DA:414,0
DA:415,0
DA:416,0
DA:417,0
DA:419,0
DA:420,0
DA:423,1
DA:426,1
DA:427,1
DA:430,1
DA:431,1
DA:433,1
DA:436,1
DA:437,1
DA:438,1
DA:439,0
DA:440,0
DA:441,0
DA:442,0
DA:443,0
DA:444,0
DA:445,0
DA:446,0
DA:453,0
DA:454,0
DA:456,0
DA:457,0
DA:459,0
DA:462,1
DA:463,0
DA:464,1
DA:465,0
DA:466,0
DA:469,0
DA:472,1
DA:477,1
DA:478,0
DA:479,0
DA:481,0
DA:482,0
DA:484,0
DA:485,0
DA:486,0
DA:487,0
DA:488,0
DA:492,0
DA:493,0
DA:495,0
DA:496,0
DA:498,0
DA:500,0
DA:501,0
DA:507,0
DA:508,0
DA:510,0
DA:511,0
DA:519,1
DA:520,0
DA:521,0
DA:522,0
DA:523,0
DA:526,1
DA:527,0
DA:530,1
DA:531,0
DA:532,0
DA:533,0
DA:534,0
DA:535,0
DA:537,0
DA:538,0
DA:540,0
DA:541,0
DA:545,1
DA:546,0
DA:547,0
DA:549,0
DA:550,0
DA:551,0
DA:553,0
DA:555,0
DA:556,0
DA:557,0
DA:558,0
DA:559,0
DA:571,1
DA:572,0
DA:573,0
DA:574,0
DA:575,0
DA:576,0
DA:577,0
DA:579,0
DA:582,1
DA:583,0
DA:584,0
DA:588,0
DA:590,0
DA:595,1
DA:596,4
DA:597,4
DA:598,4
DA:599,0
DA:603,4
DA:605,0
DA:609,0
DA:610,0
DA:611,0
DA:613,0
DA:618,1
DA:619,0
DA:620,0
DA:624,0
DA:626,0
DA:630,1
DA:631,0
DA:632,0
DA:635,1
DA:636,0
DA:637,0
DA:638,0
DA:639,0
DA:640,0
DA:641,0
DA:642,0
DA:643,0
DA:645,0
DA:647,0
DA:649,0
DA:652,1
DA:653,0
DA:654,0
DA:656,0
DA:660,1
DA:661,0
DA:662,0
DA:663,0
DA:664,0
DA:665,0
DA:666,0
DA:667,0
DA:669,0
DA:672,0
DA:675,1
DA:676,0
DA:677,0
DA:678,0
DA:679,0
DA:680,0
DA:681,0
DA:682,0
DA:684,0
DA:687,0
DA:690,1
DA:691,0
DA:694,1
DA:695,1
DA:696,1
DA:697,1
DA:699,0
DA:700,0
DA:702,0
DA:703,0
DA:705,0
DA:706,0
DA:707,0
DA:708,0
DA:711,0
DA:714,1
LF:395
LH:107
BRDA:3,1,0,1
BRDA:3,1,1,1
BRDA:3,1,2,1
BRDA:5,2,0,1
BRDA:5,2,1,0
BRDA:5,3,0,0
BRDA:5,3,1,0
BRDA:7,4,0,1
BRDA:7,4,1,0
BRDA:7,5,0,1
BRDA:7,5,1,1
BRDA:7,6,0,0
BRDA:7,6,1,0
BRDA:7,7,0,0
BRDA:7,7,1,0
BRDA:7,8,0,0
BRDA:7,8,1,0
BRDA:7,9,0,0
BRDA:7,9,1,0
BRDA:8,10,0,1
BRDA:8,10,1,0
BRDA:8,10,2,0
BRDA:10,11,0,1
BRDA:10,11,1,1
BRDA:10,11,2,1
BRDA:11,12,0,1
BRDA:11,12,1,0
BRDA:11,13,0,1
BRDA:11,13,1,1
BRDA:13,14,0,1
BRDA:13,14,1,1
BRDA:13,14,2,1
BRDA:87,15,0,0
BRDA:87,15,1,0
BRDA:112,16,0,1
BRDA:112,16,1,0
BRDA:130,17,0,0
BRDA:130,17,1,0
BRDA:134,18,0,0
BRDA:134,18,1,0
BRDA:143,19,0,0
BRDA:143,19,1,10
BRDA:149,20,0,0
BRDA:149,20,1,0
BRDA:153,21,0,0
BRDA:153,21,1,10
BRDA:166,22,0,0
BRDA:166,22,1,0
BRDA:187,23,0,0
BRDA:187,23,1,0
BRDA:221,24,0,0
BRDA:221,24,1,0
BRDA:254,25,0,0
BRDA:254,25,1,0
BRDA:259,26,0,0
BRDA:259,26,1,0
BRDA:259,27,0,0
BRDA:259,27,1,0
BRDA:291,28,0,0
BRDA:291,28,1,0
BRDA:303,29,0,2
BRDA:303,29,1,0
BRDA:309,30,0,0
BRDA:309,30,1,0
BRDA:311,31,0,0
BRDA:311,31,1,0
BRDA:313,32,0,0
BRDA:313,32,1,0
BRDA:324,33,0,0
BRDA:324,33,1,0
BRDA:330,34,0,0
BRDA:330,34,1,0
BRDA:343,35,0,0
BRDA:343,35,1,0
BRDA:371,36,0,0
BRDA:371,36,1,0
BRDA:393,37,0,0
BRDA:393,37,1,0
BRDA:394,38,0,0
BRDA:394,38,1,0
BRDA:403,39,0,0
BRDA:403,39,1,1
BRDA:409,40,0,0
BRDA:409,40,1,0
BRDA:409,41,0,0
BRDA:409,41,1,0
BRDA:423,42,0,0
BRDA:423,42,1,1
BRDA:425,43,0,1
BRDA:425,43,1,1
BRDA:426,44,0,0
BRDA:426,44,1,1
BRDA:439,45,0,0
BRDA:439,45,1,0
BRDA:441,46,0,0
BRDA:441,46,1,0
BRDA:445,47,0,0
BRDA:445,47,1,0
BRDA:450,48,0,0
BRDA:450,48,1,1
BRDA:452,49,0,0
BRDA:452,49,1,1
BRDA:453,50,0,0
BRDA:453,50,1,0
BRDA:466,51,0,0
BRDA:466,51,1,0
BRDA:469,52,0,0
BRDA:469,52,1,0
BRDA:474,53,0,0
BRDA:474,53,1,0
BRDA:479,54,0,0
BRDA:479,54,1,0
BRDA:482,55,0,0
BRDA:482,55,1,0
BRDA:487,56,0,0
BRDA:487,56,1,0
BRDA:493,57,0,0
BRDA:493,57,1,0
BRDA:505,58,0,0
BRDA:505,58,1,0
BRDA:508,59,0,0
BRDA:508,59,1,0
BRDA:517,60,0,0
BRDA:517,60,1,0
BRDA:525,61,0,0
BRDA:525,61,1,0
BRDA:528,62,0,0
BRDA:528,62,1,0
BRDA:538,63,0,0
BRDA:538,63,1,0
BRDA:559,64,0,0
BRDA:559,64,1,0
BRDA:562,65,0,0
BRDA:562,65,1,0
BRDA:573,66,0,0
BRDA:573,66,1,4
BRDA:576,67,0,4
BRDA:576,67,1,0
BRDA:585,68,0,0
BRDA:585,68,1,0
BRDA:593,69,0,0
BRDA:593,69,1,0
BRDA:596,70,0,0
BRDA:596,70,1,0
BRDA:604,71,0,0
BRDA:604,71,1,0
BRDA:610,72,0,0
BRDA:610,72,1,0
BRDA:614,73,0,0
BRDA:614,73,1,0
BRDA:615,74,0,0
BRDA:615,74,1,0
BRDA:626,75,0,0
BRDA:626,75,1,0
BRDA:634,76,0,0
BRDA:634,76,1,0
BRDA:648,77,0,0
BRDA:648,77,1,0
BRDA:665,78,0,1
BRDA:665,78,1,0
BRDA:668,79,0,0
BRDA:668,79,1,0
BRDA:671,80,0,0
BRDA:671,80,1,0
BRDA:676,81,0,0
BRDA:676,81,1,0
BRF:166
BRH:46
end_of_record
TN:
SF:/projects/app/services/token-auth/jwtHttp.ts
FN:3,(anonymous_1)
FN:10,(anonymous_2)
FN:22,(anonymous_3)
FN:23,JwtHttp
FN:26,(anonymous_5)
FN:29,(anonymous_6)
FN:45,(anonymous_7)
FN:50,(anonymous_8)
FN:55,(anonymous_9)
FN:61,(anonymous_10)
FN:67,(anonymous_11)
FN:72,(anonymous_12)
FN:78,(anonymous_13)
FN:83,(anonymous_14)
FN:85,(anonymous_15)
FN:91,(anonymous_16)
FN:107,(anonymous_17)
FNF:17
FNH:5
FNDA:1,(anonymous_1)
FNDA:1,(anonymous_2)
FNDA:1,(anonymous_3)
FNDA:1,JwtHttp
FNDA:1,(anonymous_5)
FNDA:0,(anonymous_6)
FNDA:0,(anonymous_7)
FNDA:0,(anonymous_8)
FNDA:0,(anonymous_9)
FNDA:0,(anonymous_10)
FNDA:0,(anonymous_11)
FNDA:0,(anonymous_12)
FNDA:0,(anonymous_13)
FNDA:0,(anonymous_14)
FNDA:0,(anonymous_15)
FNDA:0,(anonymous_16)
FNDA:0,(anonymous_17)
DA:0,1
DA:2,1
DA:3,1
DA:10,1
DA:11,1
DA:18,1
DA:19,1
DA:22,1
DA:25,1
DA:26,1
DA:30,1
DA:31,0
DA:32,0
DA:33,0
DA:34,0
DA:35,0
DA:36,0
DA:37,0
DA:39,0
DA:40,0
DA:41,0
DA:42,0
DA:43,0
DA:47,0
DA:49,0
DA:50,0
DA:57,1
DA:58,0
DA:59,0
DA:60,0
DA:63,1
DA:64,0
DA:65,0
DA:66,0
DA:67,0
DA:70,1
DA:71,0
DA:72,0
DA:73,0
DA:74,0
DA:77,1
DA:78,0
DA:79,0
DA:80,0
DA:83,1
DA:84,0
DA:85,0
DA:86,0
DA:87,0
DA:90,1
DA:91,0
DA:92,0
DA:93,0
DA:96,1
DA:97,0
DA:99,0
DA:100,0
DA:101,0
DA:106,1
DA:107,0
DA:108,0
DA:109,0
DA:110,0
DA:111,0
DA:112,0
DA:113,0
DA:115,0
DA:116,0
DA:119,0
DA:120,0
DA:124,1
DA:125,0
DA:126,0
DA:127,0
DA:128,0
DA:132,1
LF:76
LH:21
BRDA:3,1,0,1
BRDA:3,1,1,1
BRDA:3,1,2,1
BRDA:5,2,0,1
BRDA:5,2,1,0
BRDA:5,3,0,0
BRDA:5,3,1,0
BRDA:7,4,0,1
BRDA:7,4,1,0
BRDA:7,5,0,1
BRDA:7,5,1,1
BRDA:7,6,0,0
BRDA:7,6,1,0
BRDA:7,7,0,0
BRDA:7,7,1,0
BRDA:7,8,0,0
BRDA:7,8,1,0
BRDA:7,9,0,0
BRDA:7,9,1,0
BRDA:8,10,0,1
BRDA:8,10,1,0
BRDA:8,10,2,0
BRDA:10,11,0,1
BRDA:10,11,1,1
BRDA:10,11,2,1
BRDA:11,12,0,1
BRDA:11,12,1,0
BRDA:11,13,0,1
BRDA:11,13,1,1
BRDA:31,14,0,0
BRDA:31,14,1,0
BRDA:32,15,0,0
BRDA:32,15,1,0
BRDA:36,16,0,0
BRDA:36,16,1,0
BRDA:36,17,0,0
BRDA:36,17,1,0
BRDA:38,18,0,0
BRDA:38,18,1,0
BRDA:39,19,0,0
BRDA:39,19,1,0
BRDA:41,20,0,0
BRDA:41,20,1,0
BRDA:41,21,0,0
BRDA:41,21,1,0
BRDA:51,22,0,0
BRDA:51,22,1,0
BRDA:56,23,0,0
BRDA:56,23,1,0
BRDA:62,24,0,0
BRDA:62,24,1,0
BRDA:68,25,0,0
BRDA:68,25,1,0
BRDA:73,26,0,0
BRDA:73,26,1,0
BRDA:79,27,0,0
BRDA:79,27,1,0
BRDA:86,28,0,0
BRDA:86,28,1,0
BRDA:97,29,0,0
BRDA:97,29,1,0
BRDA:99,30,0,0
BRDA:99,30,1,0
BRDA:103,31,0,0
BRDA:103,31,1,0
BRDA:110,32,0,0
BRDA:110,32,1,0
BRF:67
BRH:29
end_of_record
TN:
SF:/projects/app/lib/util.ts
FN:4,(anonymous_1)
FN:5,Util
FN:6,(anonymous_3)
FNF:3
FNH:1
FNDA:1,(anonymous_1)
FNDA:0,Util
FNDA:0,(anonymous_3)
DA:1,1
DA:3,1
DA:5,1
DA:9,1
DA:12,0
DA:14,0
DA:15,0
DA:17,1
LF:8
LH:5
BRDA:9,1,0,0
BRDA:9,1,1,0
BRDA:9,2,0,0
BRDA:9,2,1,0
BRF:4
BRH:0
end_of_record
TN:
SF:/projects/app/services/ui-state-service.ts
FN:3,(anonymous_1)
FN:10,(anonymous_2)
FN:19,(anonymous_3)
FN:20,UIStateService
FN:30,(anonymous_5)
FN:36,(anonymous_6)
FN:41,(anonymous_7)
FN:43,(anonymous_8)
FN:59,(anonymous_9)
FN:64,(anonymous_10)
FN:69,(anonymous_11)
FN:72,(anonymous_12)
FN:75,(anonymous_13)
FN:79,(anonymous_14)
FN:83,(anonymous_15)
FN:94,(anonymous_16)
FN:97,(anonymous_17)
FNF:17
FNH:5
FNDA:1,(anonymous_1)
FNDA:1,(anonymous_2)
FNDA:1,(anonymous_3)
FNDA:1,UIStateService
FNDA:1,(anonymous_5)
FNDA:0,(anonymous_6)
FNDA:0,(anonymous_7)
FNDA:0,(anonymous_8)
FNDA:0,(anonymous_9)
FNDA:0,(anonymous_10)
FNDA:0,(anonymous_11)
FNDA:0,(anonymous_12)
FNDA:0,(anonymous_13)
FNDA:0,(anonymous_14)
FNDA:0,(anonymous_15)
FNDA:0,(anonymous_16)
FNDA:0,(anonymous_17)
DA:0,1
DA:1,1
DA:2,1
DA:4,1
DA:5,1
DA:6,1
DA:7,1
DA:8,1
DA:9,1
DA:10,1
DA:11,1
DA:14,1
DA:15,1
DA:16,1
DA:17,1
DA:30,1
DA:31,1
DA:32,1
DA:34,1
DA:36,1
DA:37,1
DA:39,1
DA:40,0
DA:41,0
DA:50,1
DA:51,0
DA:52,0
DA:53,0
DA:54,0
DA:56,0
DA:57,0
DA:58,0
DA:59,0
DA:60,0
DA:61,0
DA:62,0
DA:63,0
DA:64,0
DA:69,1
DA:70,0
DA:71,0
DA:72,0
DA:75,1
DA:76,0
DA:77,0
DA:78,0
DA:81,1
DA:82,0
DA:83,0
DA:88,1
DA:89,0
DA:92,1
DA:93,0
DA:97,0
DA:103,0
DA:104,0
DA:105,0
DA:106,0
DA:107,0
DA:112,0
DA:116,0
DA:119,1
LF:62
LH:29
BRDA:3,1,0,1
BRDA:3,1,1,1
BRDA:3,1,2,1
BRDA:5,2,0,1
BRDA:5,2,1,0
BRDA:5,3,0,0
BRDA:5,3,1,0
BRDA:7,4,0,1
BRDA:7,4,1,0
BRDA:7,5,0,1
BRDA:7,5,1,1
BRDA:7,6,0,0
BRDA:7,6,1,0
BRDA:7,7,0,0
BRDA:7,7,1,0
BRDA:7,8,0,0
BRDA:7,8,1,0
BRDA:7,9,0,0
BRDA:7,9,1,0
BRDA:8,10,0,1
BRDA:8,10,1,0
BRDA:8,10,2,0
BRDA:10,11,0,1
BRDA:10,11,1,1
BRDA:10,11,2,1
BRDA:11,12,0,1
BRDA:11,12,1,0
BRDA:11,13,0,1
BRDA:11,13,1,1
BRDA:70,14,0,0
BRDA:70,14,1,0
BRDA:86,15,0,0
BRDA:86,15,1,0
BRF:33
BRH:29
end_of_record
TN:
SF:/projects/app/pages/all-modals/all-modals.ts
FN:3,(anonymous_1)
FN:10,(anonymous_2)
FN:19,(anonymous_3)
FN:20,AllModals
FN:80,(anonymous_5)
FN:83,(anonymous_6)
FN:84,(anonymous_7)
FN:88,(anonymous_8)
FN:90,(anonymous_9)
FN:94,(anonymous_10)
FN:96,(anonymous_11)
FN:101,(anonymous_12)
FN:105,(anonymous_13)
FN:107,(anonymous_14)
FN:112,(anonymous_15)
FN:116,(anonymous_16)
FN:118,(anonymous_17)
FN:123,(anonymous_18)
FN:127,(anonymous_19)
FN:129,(anonymous_20)
FN:134,(anonymous_21)
FN:137,(anonymous_22)
FN:140,(anonymous_23)
FN:142,(anonymous_24)
FN:144,(anonymous_25)
FN:148,(anonymous_26)
FN:151,(anonymous_27)
FN:154,(anonymous_28)
FN:157,(anonymous_29)
FN:160,(anonymous_30)
FNF:30
FNH:3
FNDA:1,(anonymous_1)
FNDA:1,(anonymous_2)
FNDA:1,(anonymous_3)
FNDA:0,AllModals
FNDA:0,(anonymous_5)
FNDA:0,(anonymous_6)
FNDA:0,(anonymous_7)
FNDA:0,(anonymous_8)
FNDA:0,(anonymous_9)
FNDA:0,(anonymous_10)
FNDA:0,(anonymous_11)
FNDA:0,(anonymous_12)
FNDA:0,(anonymous_13)
FNDA:0,(anonymous_14)
FNDA:0,(anonymous_15)
FNDA:0,(anonymous_16)
FNDA:0,(anonymous_17)
FNDA:0,(anonymous_18)
FNDA:0,(anonymous_19)
FNDA:0,(anonymous_20)
FNDA:0,(anonymous_21)
FNDA:0,(anonymous_22)
FNDA:0,(anonymous_23)
FNDA:0,(anonymous_24)
FNDA:0,(anonymous_25)
FNDA:0,(anonymous_26)
FNDA:0,(anonymous_27)
FNDA:0,(anonymous_28)
FNDA:0,(anonymous_29)
FNDA:0,(anonymous_30)
DA:0,1
DA:1,1
DA:2,1
DA:3,1
DA:5,1
DA:6,1
DA:7,1
DA:9,1
DA:13,1
DA:23,0
DA:24,1
DA:25,0
DA:29,0
DA:30,0
DA:32,0
DA:33,0
DA:35,0
DA:36,0
DA:38,0
DA:39,0
DA:41,0
DA:42,0
DA:44,0
DA:45,0
DA:47,0
DA:48,0
DA:50,0
DA:51,0
DA:53,0
DA:55,0
DA:60,0
DA:65,0
DA:69,0
DA:73,0
DA:77,0
DA:78,0
DA:79,0
DA:83,0
DA:84,0
DA:85,0
DA:91,1
DA:92,0
DA:95,1
DA:99,1
DA:101,0
DA:102,0
DA:103,0
DA:105,0
DA:106,0
DA:108,0
DA:110,0
DA:111,0
DA:115,1
DA:116,0
DA:117,0
DA:118,0
DA:120,0
DA:121,0
DA:125,1
DA:126,0
DA:127,0
DA:128,0
DA:130,0
DA:131,0
DA:136,1
DA:137,0
DA:138,0
DA:139,0
DA:141,0
DA:142,0
DA:146,1
DA:147,0
DA:150,1
DA:151,0
DA:154,1
DA:155,0
DA:156,0
DA:159,1
DA:160,0
DA:163,1
DA:164,0
DA:167,1
DA:168,0
DA:169,0
DA:171,0
DA:174,1
DA:175,0
DA:178,1
DA:179,0
DA:181,1
LF:90
LH:25
BRDA:3,1,0,1
BRDA:3,1,1,1
BRDA:3,1,2,1
BRDA:5,2,0,1
BRDA:5,2,1,0
BRDA:5,3,0,0
BRDA:5,3,1,0
BRDA:7,4,0,1
BRDA:7,4,1,0
BRDA:7,5,0,1
BRDA:7,5,1,1
BRDA:7,6,0,0
BRDA:7,6,1,0
BRDA:7,7,0,0
BRDA:7,7,1,0
BRDA:7,8,0,0
BRDA:7,8,1,0
BRDA:7,9,0,0
BRDA:7,9,1,0
BRDA:8,10,0,1
BRDA:8,10,1,0
BRDA:8,10,2,0
BRDA:10,11,0,1
BRDA:10,11,1,1
BRDA:10,11,2,1
BRDA:11,12,0,1
BRDA:11,12,1,0
BRDA:11,13,0,1
BRDA:11,13,1,1
BRDA:26,14,0,0
BRDA:26,14,1,0
BRDA:26,14,2,0
BRDA:26,14,3,0
BRDA:26,14,4,0
BRDA:26,14,5,0
BRDA:26,14,6,0
BRDA:26,14,7,0
BRDA:26,14,8,0
BRDA:71,15,0,0
BRDA:71,15,1,0
BRDA:75,16,0,0
BRDA:75,16,1,0
BRDA:87,17,0,0
BRDA:87,17,1,0
BRDA:104,18,0,0
BRDA:104,18,1,0
BRDA:115,19,0,0
BRDA:115,19,1,0
BRDA:126,20,0,0
BRDA:126,20,1,0
BRDA:155,21,0,0
BRDA:155,21,1,0
BRF:52
BRH:29
end_of_record
TN:
SF:/projects/app/services/sqlcache-service.ts
FN:3,(anonymous_1)
FN:10,(anonymous_2)
FN:16,(anonymous_3)
FN:17,SqlCacheService
FN:20,(anonymous_5)
FN:23,(anonymous_6)
FN:27,(anonymous_7)
FN:31,(anonymous_8)
FN:34,(anonymous_9)
FN:38,(anonymous_10)
FN:40,(anonymous_11)
FN:47,(anonymous_12)
FN:53,(anonymous_13)
FN:57,(anonymous_14)
FN:60,(anonymous_15)
FNF:15
FNH:6
FNDA:1,(anonymous_1)
FNDA:1,(anonymous_2)
FNDA:1,(anonymous_3)
FNDA:1,SqlCacheService
FNDA:1,(anonymous_5)
FNDA:0,(anonymous_6)
FNDA:0,(anonymous_7)
FNDA:0,(anonymous_8)
FNDA:0,(anonymous_9)
FNDA:0,(anonymous_10)
FNDA:0,(anonymous_11)
FNDA:0,(anonymous_12)
FNDA:1,(anonymous_13)
FNDA:0,(anonymous_14)
FNDA:0,(anonymous_15)
DA:0,1
DA:1,1
DA:2,1
DA:3,1
DA:6,1
DA:7,1
DA:9,1
DA:13,1
DA:14,1
DA:17,1
DA:18,0
DA:19,0
DA:22,1
DA:23,0
DA:24,0
DA:27,1
DA:28,0
DA:31,1
DA:32,0
DA:34,0
DA:39,1
DA:40,0
DA:41,0
DA:43,0
DA:44,0
DA:45,0
DA:46,0
DA:51,1
DA:52,0
DA:53,0
DA:54,0
DA:55,0
DA:59,1
DA:60,1
DA:61,1
DA:63,1
DA:64,0
DA:67,1
DA:68,0
DA:71,1
LF:40
LH:21
BRDA:3,1,0,1
BRDA:3,1,1,1
BRDA:3,1,2,1
BRDA:5,2,0,1
BRDA:5,2,1,0
BRDA:5,3,0,0
BRDA:5,3,1,0
BRDA:7,4,0,1
BRDA:7,4,1,0
BRDA:7,5,0,1
BRDA:7,5,1,1
BRDA:7,6,0,0
BRDA:7,6,1,0
BRDA:7,7,0,0
BRDA:7,7,1,0
BRDA:7,8,0,0
BRDA:7,8,1,0
BRDA:7,9,0,0
BRDA:7,9,1,0
BRDA:8,10,0,1
BRDA:8,10,1,0
BRDA:8,10,2,0
BRDA:10,11,0,1
BRDA:10,11,1,1
BRDA:10,11,2,1
BRDA:11,12,0,1
BRDA:11,12,1,0
BRDA:11,13,0,1
BRDA:11,13,1,1
BRDA:39,14,0,0
BRDA:39,14,1,0
BRF:31
BRH:29
end_of_record
TN:
SF:/projects/app/services/sql-service.ts
FN:3,(anonymous_1)
FN:10,(anonymous_2)
FN:16,(anonymous_3)
FN:17,SqlService
FN:23,(anonymous_5)
FN:26,(anonymous_6)
FN:31,(anonymous_7)
FN:33,(anonymous_8)
FN:37,(anonymous_9)
FN:40,(anonymous_10)
FN:42,(anonymous_11)
FN:44,(anonymous_12)
FN:48,(anonymous_13)
FN:50,(anonymous_14)
FN:54,(anonymous_15)
FN:64,(anonymous_16)
FN:76,(anonymous_17)
FN:87,(anonymous_18)
FN:91,(anonymous_19)
FN:99,(anonymous_20)
FN:103,(anonymous_21)
FN:111,(anonymous_22)
FN:129,(anonymous_23)
FN:132,(anonymous_24)
FN:145,(anonymous_25)
FN:149,(anonymous_26)
FN:151,(anonymous_27)
FN:152,(anonymous_28)
FN:162,(anonymous_29)
FN:170,(anonymous_30)
FN:172,(anonymous_31)
FN:173,(anonymous_32)
FN:177,(anonymous_33)
FN:182,(anonymous_34)
FN:184,(anonymous_35)
FN:185,(anonymous_36)
FN:189,(anonymous_37)
FNF:37
FNH:12
FNDA:1,(anonymous_1)
FNDA:1,(anonymous_2)
FNDA:1,(anonymous_3)
FNDA:1,SqlService
FNDA:1,(anonymous_5)
FNDA:0,(anonymous_6)
FNDA:1,(anonymous_7)
FNDA:1,(anonymous_8)
FNDA:0,(anonymous_9)
FNDA:0,(anonymous_10)
FNDA:0,(anonymous_11)
FNDA:0,(anonymous_12)
FNDA:0,(anonymous_13)
FNDA:0,(anonymous_14)
FNDA:1,(anonymous_15)
FNDA:0,(anonymous_16)
FNDA:0,(anonymous_17)
FNDA:0,(anonymous_18)
FNDA:0,(anonymous_19)
FNDA:0,(anonymous_20)
FNDA:0,(anonymous_21)
FNDA:0,(anonymous_22)
FNDA:0,(anonymous_23)
FNDA:0,(anonymous_24)
FNDA:1,(anonymous_25)
FNDA:1,(anonymous_26)
FNDA:1,(anonymous_27)
FNDA:1,(anonymous_28)
FNDA:0,(anonymous_29)
FNDA:0,(anonymous_30)
FNDA:0,(anonymous_31)
FNDA:0,(anonymous_32)
FNDA:0,(anonymous_33)
FNDA:0,(anonymous_34)
FNDA:0,(anonymous_35)
FNDA:0,(anonymous_36)
FNDA:0,(anonymous_37)
DA:0,1
DA:1,1
DA:2,1
DA:5,1
DA:10,1
DA:11,1
DA:12,1
DA:23,1
DA:24,1
DA:25,1
DA:28,1
DA:30,1
DA:31,0
DA:33,1
DA:36,0
DA:38,1
DA:41,1
DA:42,1
DA:43,1
DA:46,1
DA:47,0
DA:50,1
DA:51,0
DA:52,0
DA:55,0
DA:58,1
DA:59,0
DA:60,0
DA:66,1
DA:67,1
DA:68,1
DA:69,1
DA:70,1
DA:71,1
DA:72,0
DA:73,0
DA:74,0
DA:75,0
DA:76,0
DA:77,0
DA:78,0
DA:79,0
DA:80,0
DA:82,0
DA:84,0
DA:85,0
DA:89,0
DA:90,0
DA:91,0
DA:93,0
DA:94,0
DA:95,0
DA:96,0
DA:97,0
DA:101,1
DA:102,0
DA:103,0
DA:104,0
DA:105,0
DA:106,0
DA:107,0
DA:108,0
DA:111,1
DA:112,0
DA:113,0
DA:114,0
DA:115,0
DA:116,0
DA:117,0
DA:118,0
DA:121,1
DA:122,0
DA:123,0
DA:124,0
DA:125,0
DA:126,0
DA:127,0
DA:128,0
DA:130,0
DA:134,1
DA:135,1
DA:136,1
DA:139,1
DA:140,0
DA:143,1
DA:144,1
DA:145,0
DA:147,1
DA:150,1
DA:152,0
DA:153,0
DA:154,0
DA:155,0
DA:156,0
DA:161,0
DA:162,0
DA:163,0
DA:165,0
DA:168,0
DA:173,1
DA:174,1
DA:175,1
DA:178,1
DA:179,1
DA:180,1
DA:181,1
DA:183,1
DA:184,1
DA:185,0
DA:186,0
DA:187,0
DA:188,0
DA:189,0
DA:193,0
DA:194,0
DA:195,0
DA:196,0
DA:201,1
DA:202,0
DA:203,0
DA:204,0
DA:206,0
DA:207,0
DA:210,0
DA:215,1
DA:216,0
DA:217,0
DA:218,0
DA:219,0
DA:220,0
DA:223,0
DA:227,1
LF:132
LH:49
BRDA:3,1,0,1
BRDA:3,1,1,1
BRDA:3,1,2,1
BRDA:5,2,0,1
BRDA:5,2,1,0
BRDA:5,3,0,0
BRDA:5,3,1,0
BRDA:7,4,0,1
BRDA:7,4,1,0
BRDA:7,5,0,1
BRDA:7,5,1,1
BRDA:7,6,0,0
BRDA:7,6,1,0
BRDA:7,7,0,0
BRDA:7,7,1,0
BRDA:7,8,0,0
BRDA:7,8,1,0
BRDA:7,9,0,0
BRDA:7,9,1,0
BRDA:8,10,0,1
BRDA:8,10,1,0
BRDA:8,10,2,0
BRDA:10,11,0,1
BRDA:10,11,1,1
BRDA:10,11,2,1
BRDA:11,12,0,1
BRDA:11,12,1,0
BRDA:11,13,0,1
BRDA:11,13,1,1
BRDA:25,14,0,0
BRDA:25,14,1,1
BRDA:26,15,0,0
BRDA:26,15,1,1
BRDA:26,16,0,1
BRDA:26,16,1,1
BRDA:27,17,0,0
BRDA:27,17,1,0
BRDA:60,18,0,0
BRDA:60,18,1,1
BRDA:62,19,0,0
BRDA:62,19,1,0
BRDA:67,20,0,0
BRDA:67,20,1,0
BRDA:68,21,0,0
BRDA:68,21,1,0
BRDA:69,22,0,0
BRDA:69,22,1,0
BRDA:74,23,0,0
BRDA:74,23,1,0
BRDA:80,24,0,0
BRDA:80,24,1,0
BRDA:81,25,0,0
BRDA:81,25,1,0
BRDA:84,26,0,0
BRDA:84,26,1,1
BRDA:90,27,0,0
BRDA:90,27,1,0
BRDA:96,28,0,0
BRDA:96,28,1,1
BRDA:102,29,0,0
BRDA:102,29,1,0
BRDA:108,30,0,0
BRDA:108,30,1,1
BRDA:114,31,0,0
BRDA:114,31,1,0
BRDA:115,32,0,0
BRDA:115,32,1,0
BRDA:117,33,0,1
BRDA:117,33,1,0
BRDA:121,34,0,0
BRDA:121,34,1,1
BRDA:131,35,0,0
BRDA:131,35,1,0
BRDA:133,36,0,0
BRDA:133,36,1,0
BRDA:133,37,0,0
BRDA:133,37,1,0
BRDA:133,38,0,0
BRDA:133,38,1,0
BRDA:136,39,0,0
BRDA:136,39,1,0
BRDA:138,40,0,0
BRDA:138,40,1,0
BRDA:153,41,0,1
BRDA:153,41,1,0
BRDA:158,42,0,0
BRDA:158,42,1,0
BRDA:165,43,0,0
BRDA:165,43,1,0
BRF:89
BRH:40
end_of_record
TN:
SF:/projects/app/types/standard.ts
FN:3,(anonymous_1)
FN:5,__
FN:12,(anonymous_3)
FN:13,ResourceCollection
FN:19,(anonymous_5)
FN:21,(anonymous_6)
FN:23,(anonymous_7)
FN:23,(anonymous_8)
FN:23,(anonymous_9)
FN:29,(anonymous_10)
FN:34,(anonymous_11)
FN:35,(anonymous_12)
FN:37,(anonymous_13)
FN:40,(anonymous_14)
FN:41,(anonymous_15)
FN:45,(anonymous_16)
FN:50,(anonymous_17)
FN:51,(anonymous_18)
FN:55,(anonymous_19)
FN:56,(anonymous_20)
FN:60,(anonymous_21)
FN:71,(anonymous_22)
FN:74,(anonymous_23)
FN:87,(anonymous_24)
FN:91,(anonymous_25)
FN:98,(anonymous_26)
FN:101,(anonymous_27)
FN:104,(anonymous_28)
FN:108,(anonymous_29)
FN:114,(anonymous_30)
FN:118,(anonymous_31)
FN:122,(anonymous_32)
FN:133,(anonymous_33)
FN:134,BaseResource
FN:140,(anonymous_35)
FN:145,(anonymous_36)
FN:146,(anonymous_37)
FN:158,(anonymous_38)
FN:172,(anonymous_39)
FN:178,(anonymous_40)
FN:183,(anonymous_41)
FN:186,(anonymous_42)
FN:189,(anonymous_43)
FN:196,(anonymous_44)
FN:203,(anonymous_45)
FN:204,(anonymous_46)
FN:205,(anonymous_47)
FN:209,(anonymous_48)
FN:212,(anonymous_49)
FN:215,(anonymous_50)
FN:218,(anonymous_51)
FN:222,(anonymous_52)
FN:225,(anonymous_53)
FN:248,(anonymous_54)
FN:250,Unit
FN:261,(anonymous_56)
FN:267,(anonymous_57)
FN:278,(anonymous_58)
FN:287,(anonymous_59)
FN:291,(anonymous_60)
FN:298,(anonymous_61)
FN:301,(anonymous_62)
FN:308,(anonymous_63)
FN:345,(anonymous_64)
FN:352,(anonymous_65)
FN:359,(anonymous_66)
FN:366,(anonymous_67)
FN:373,(anonymous_68)
FN:380,(anonymous_69)
FN:385,(anonymous_70)
FN:394,(anonymous_71)
FN:396,Property
FN:405,(anonymous_73)
FN:408,(anonymous_74)
FN:411,(anonymous_75)
FN:419,(anonymous_76)
FN:423,(anonymous_77)
FN:429,(anonymous_78)
FN:431,(anonymous_79)
FN:435,(anonymous_80)
FN:449,(anonymous_81)
FN:455,(anonymous_82)
FN:459,(anonymous_83)
FN:462,(anonymous_84)
FN:470,(anonymous_85)
FN:472,Global
FN:483,(anonymous_87)
FN:486,(anonymous_88)
FN:489,(anonymous_89)
FN:496,(anonymous_90)
FN:503,(anonymous_91)
FN:506,(anonymous_92)
FN:517,(anonymous_93)
FN:518,Measure
FN:530,(anonymous_95)
FN:533,(anonymous_96)
FN:536,(anonymous_97)
FN:540,(anonymous_98)
FN:550,(anonymous_99)
FN:560,(anonymous_100)
FN:567,(anonymous_101)
FN:576,(anonymous_102)
FN:578,Formula
FN:595,(anonymous_104)
FN:598,(anonymous_105)
FN:601,(anonymous_106)
FN:604,(anonymous_107)
FN:607,(anonymous_108)
FN:611,(anonymous_109)
FN:615,(anonymous_110)
FN:618,(anonymous_111)
FN:625,(anonymous_112)
FN:628,(anonymous_113)
FN:634,(anonymous_114)
FN:636,(anonymous_115)
FN:639,(anonymous_116)
FN:643,(anonymous_117)
FN:651,(anonymous_118)
FN:659,(anonymous_119)
FN:662,(anonymous_120)
FN:674,(anonymous_121)
FN:676,Variable
FN:686,(anonymous_123)
FN:692,(anonymous_124)
FN:695,(anonymous_125)
FN:706,(anonymous_126)
FN:714,(anonymous_127)
FN:717,(anonymous_128)
FN:724,(anonymous_129)
FN:727,(anonymous_130)
FN:739,(anonymous_131)
FN:741,FG
FN:747,(anonymous_133)
FN:753,(anonymous_134)
FN:756,(anonymous_135)
FN:765,(anonymous_136)
FN:771,(anonymous_137)
FN:774,(anonymous_138)
FN:781,(anonymous_139)
FN:784,(anonymous_140)
FN:794,(anonymous_141)
FN:796,Favorite
FN:799,(anonymous_143)
FN:802,(anonymous_144)
FN:805,(anonymous_145)
FN:808,(anonymous_146)
FN:813,(anonymous_147)
FN:821,(anonymous_148)
FN:823,Category
FN:826,(anonymous_150)
FN:827,(anonymous_151)
FN:830,(anonymous_152)
FN:833,(anonymous_153)
FN:837,(anonymous_154)
FN:842,(anonymous_155)
FN:843,TableOfflineData
FN:851,(anonymous_157)
FN:866,(anonymous_158)
FN:869,(anonymous_159)
FN:875,(anonymous_160)
FN:877,(anonymous_161)
FN:881,(anonymous_162)
FN:884,(anonymous_163)
FN:893,(anonymous_164)
FN:896,(anonymous_165)
FN:900,(anonymous_166)
FN:920,(anonymous_167)
FN:921,OfflineData
FN:928,(anonymous_169)
FN:930,(anonymous_170)
FN:935,(anonymous_171)
FN:939,(anonymous_172)
FN:940,SyncResponseHandler
FN:945,(anonymous_174)
FN:948,(anonymous_175)
FN:956,(anonymous_176)
FN:960,(anonymous_177)
FN:966,(anonymous_178)
FN:969,(anonymous_179)
FN:980,(anonymous_180)
FN:982,(anonymous_181)
FN:1001,(anonymous_182)
FN:1003,(anonymous_183)
FN:1024,(anonymous_184)
FN:1030,(anonymous_185)
FN:1034,(anonymous_186)
FN:1038,(anonymous_187)
FN:1045,(anonymous_188)
FN:1046,LogHandler
FN:1054,(anonymous_190)
FN:1057,(anonymous_191)
FN:1060,(anonymous_192)
FN:1063,(anonymous_193)
FN:1072,(anonymous_194)
FN:1085,(anonymous_195)
FN:1086,AsyncSync
FN:1093,(anonymous_197)
FN:1094,States
FN:1107,(anonymous_199)
FN:1108,ItemSyncState
FN:1115,(anonymous_201)
FN:1116,OpCodes
FN:1124,pass
FN:1126,(anonymous_204)
FN:1129,(anonymous_205)
FN:1132,(anonymous_206)
FNF:206
FNH:25
FNDA:8,(anonymous_1)
FNDA:8,__
FNDA:1,(anonymous_3)
FNDA:8,ResourceCollection
FNDA:0,(anonymous_5)
FNDA:0,(anonymous_6)
FNDA:0,(anonymous_7)
FNDA:0,(anonymous_8)
FNDA:0,(anonymous_9)
FNDA:0,(anonymous_10)
FNDA:0,(anonymous_11)
FNDA:0,(anonymous_12)
FNDA:0,(anonymous_13)
FNDA:0,(anonymous_14)
FNDA:0,(anonymous_15)
FNDA:0,(anonymous_16)
FNDA:0,(anonymous_17)
FNDA:0,(anonymous_18)
FNDA:0,(anonymous_19)
FNDA:0,(anonymous_20)
FNDA:0,(anonymous_21)
FNDA:0,(anonymous_22)
FNDA:0,(anonymous_23)
FNDA:0,(anonymous_24)
FNDA:0,(anonymous_25)
FNDA:0,(anonymous_26)
FNDA:0,(anonymous_27)
FNDA:0,(anonymous_28)
FNDA:0,(anonymous_29)
FNDA:0,(anonymous_30)
FNDA:0,(anonymous_31)
FNDA:0,(anonymous_32)
FNDA:1,(anonymous_33)
FNDA:0,BaseResource
FNDA:0,(anonymous_35)
FNDA:0,(anonymous_36)
FNDA:0,(anonymous_37)
FNDA:0,(anonymous_38)
FNDA:0,(anonymous_39)
FNDA:0,(anonymous_40)
FNDA:0,(anonymous_41)
FNDA:0,(anonymous_42)
FNDA:0,(anonymous_43)
FNDA:0,(anonymous_44)
FNDA:0,(anonymous_45)
FNDA:0,(anonymous_46)
FNDA:0,(anonymous_47)
FNDA:0,(anonymous_48)
FNDA:0,(anonymous_49)
FNDA:0,(anonymous_50)
FNDA:0,(anonymous_51)
FNDA:0,(anonymous_52)
FNDA:0,(anonymous_53)
FNDA:1,(anonymous_54)
FNDA:0,Unit
FNDA:0,(anonymous_56)
FNDA:0,(anonymous_57)
FNDA:0,(anonymous_58)
FNDA:0,(anonymous_59)
FNDA:0,(anonymous_60)
FNDA:0,(anonymous_61)
FNDA:0,(anonymous_62)
FNDA:0,(anonymous_63)
FNDA:0,(anonymous_64)
FNDA:0,(anonymous_65)
FNDA:0,(anonymous_66)
FNDA:0,(anonymous_67)
FNDA:0,(anonymous_68)
FNDA:0,(anonymous_69)
FNDA:0,(anonymous_70)
FNDA:1,(anonymous_71)
FNDA:0,Property
FNDA:0,(anonymous_73)
FNDA:0,(anonymous_74)
FNDA:0,(anonymous_75)
FNDA:0,(anonymous_76)
FNDA:0,(anonymous_77)
FNDA:0,(anonymous_78)
FNDA:0,(anonymous_79)
FNDA:0,(anonymous_80)
FNDA:0,(anonymous_81)
FNDA:0,(anonymous_82)
FNDA:0,(anonymous_83)
FNDA:0,(anonymous_84)
FNDA:1,(anonymous_85)
FNDA:0,Global
FNDA:0,(anonymous_87)
FNDA:0,(anonymous_88)
FNDA:0,(anonymous_89)
FNDA:0,(anonymous_90)
FNDA:0,(anonymous_91)
FNDA:0,(anonymous_92)
FNDA:1,(anonymous_93)
FNDA:0,Measure
FNDA:0,(anonymous_95)
FNDA:0,(anonymous_96)
FNDA:0,(anonymous_97)
FNDA:0,(anonymous_98)
FNDA:0,(anonymous_99)
FNDA:0,(anonymous_100)
FNDA:0,(anonymous_101)
FNDA:1,(anonymous_102)
FNDA:0,Formula
FNDA:0,(anonymous_104)
FNDA:0,(anonymous_105)
FNDA:0,(anonymous_106)
FNDA:0,(anonymous_107)
FNDA:0,(anonymous_108)
FNDA:0,(anonymous_109)
FNDA:0,(anonymous_110)
FNDA:0,(anonymous_111)
FNDA:0,(anonymous_112)
FNDA:0,(anonymous_113)
FNDA:0,(anonymous_114)
FNDA:0,(anonymous_115)
FNDA:0,(anonymous_116)
FNDA:0,(anonymous_117)
FNDA:0,(anonymous_118)
FNDA:0,(anonymous_119)
FNDA:0,(anonymous_120)
FNDA:1,(anonymous_121)
FNDA:0,Variable
FNDA:0,(anonymous_123)
FNDA:0,(anonymous_124)
FNDA:0,(anonymous_125)
FNDA:0,(anonymous_126)
FNDA:0,(anonymous_127)
FNDA:0,(anonymous_128)
FNDA:0,(anonymous_129)
FNDA:0,(anonymous_130)
FNDA:1,(anonymous_131)
FNDA:0,FG
FNDA:0,(anonymous_133)
FNDA:0,(anonymous_134)
FNDA:0,(anonymous_135)
FNDA:0,(anonymous_136)
FNDA:0,(anonymous_137)
FNDA:0,(anonymous_138)
FNDA:0,(anonymous_139)
FNDA:0,(anonymous_140)
FNDA:1,(anonymous_141)
FNDA:0,Favorite
FNDA:0,(anonymous_143)
FNDA:0,(anonymous_144)
FNDA:0,(anonymous_145)
FNDA:0,(anonymous_146)
FNDA:0,(anonymous_147)
FNDA:1,(anonymous_148)
FNDA:0,Category
FNDA:0,(anonymous_150)
FNDA:0,(anonymous_151)
FNDA:0,(anonymous_152)
FNDA:0,(anonymous_153)
FNDA:0,(anonymous_154)
FNDA:1,(anonymous_155)
FNDA:8,TableOfflineData
FNDA:0,(anonymous_157)
FNDA:0,(anonymous_158)
FNDA:0,(anonymous_159)
FNDA:0,(anonymous_160)
FNDA:0,(anonymous_161)
FNDA:0,(anonymous_162)
FNDA:0,(anonymous_163)
FNDA:0,(anonymous_164)
FNDA:0,(anonymous_165)
FNDA:0,(anonymous_166)
FNDA:1,(anonymous_167)
FNDA:1,OfflineData
FNDA:0,(anonymous_169)
FNDA:0,(anonymous_170)
FNDA:0,(anonymous_171)
FNDA:1,(anonymous_172)
FNDA:0,SyncResponseHandler
FNDA:0,(anonymous_174)
FNDA:0,(anonymous_175)
FNDA:0,(anonymous_176)
FNDA:0,(anonymous_177)
FNDA:0,(anonymous_178)
FNDA:0,(anonymous_179)
FNDA:0,(anonymous_180)
FNDA:0,(anonymous_181)
FNDA:0,(anonymous_182)
FNDA:0,(anonymous_183)
FNDA:0,(anonymous_184)
FNDA:0,(anonymous_185)
FNDA:0,(anonymous_186)
FNDA:0,(anonymous_187)
FNDA:1,(anonymous_188)
FNDA:1,LogHandler
FNDA:0,(anonymous_190)
FNDA:0,(anonymous_191)
FNDA:0,(anonymous_192)
FNDA:0,(anonymous_193)
FNDA:0,(anonymous_194)
FNDA:1,(anonymous_195)
FNDA:0,AsyncSync
FNDA:1,(anonymous_197)
FNDA:0,States
FNDA:1,(anonymous_199)
FNDA:0,ItemSyncState
FNDA:1,(anonymous_201)
FNDA:0,OpCodes
FNDA:0,pass
FNDA:0,(anonymous_204)
FNDA:0,(anonymous_205)
FNDA:0,(anonymous_206)
DA:0,24
DA:1,1
DA:3,1
DA:8,8
DA:23,1
DA:24,8
DA:25,8
DA:28,8
DA:29,8
DA:31,8
DA:32,0
DA:33,0
DA:34,0
DA:37,0
DA:44,0
DA:48,8
DA:49,8
DA:51,8
DA:52,0
DA:53,0
DA:57,1
DA:58,0
DA:59,0
DA:60,0
DA:61,0
DA:64,1
DA:65,0
DA:68,1
DA:69,0
DA:73,1
DA:74,0
DA:75,0
DA:76,0
DA:77,0
DA:78,0
DA:79,0
DA:80,0
DA:84,1
DA:85,0
DA:89,1
DA:90,0
DA:91,0
DA:92,0
DA:93,0
DA:94,0
DA:96,0
DA:97,0
DA:103,0
DA:104,0
DA:108,0
DA:109,0
DA:112,1
DA:113,0
DA:116,1
DA:117,0
DA:120,1
DA:121,0
DA:125,0
DA:128,1
DA:129,0
DA:130,0
DA:134,1
DA:135,0
DA:136,0
DA:137,0
DA:142,1
DA:143,0
DA:144,0
DA:145,0
DA:146,0
DA:150,1
DA:152,1
DA:157,0
DA:158,0
DA:161,1
DA:169,1
DA:181,0
DA:182,1
DA:183,0
DA:186,1
DA:190,1
DA:194,1
DA:195,0
DA:196,0
DA:197,0
DA:198,0
DA:199,0
DA:200,0
DA:201,0
DA:202,0
DA:203,0
DA:204,0
DA:205,0
DA:207,0
DA:210,0
DA:212,0
DA:213,0
DA:217,1
DA:218,0
DA:219,0
DA:220,0
DA:223,0
DA:224,0
DA:235,1
DA:236,0
DA:237,0
DA:238,0
DA:239,0
DA:240,0
DA:241,0
DA:242,0
DA:244,0
DA:247,1
DA:248,0
DA:251,1
DA:252,0
DA:253,0
DA:254,0
DA:255,0
DA:257,0
DA:258,0
DA:259,0
DA:260,0
DA:262,0
DA:265,1
DA:269,1
DA:270,0
DA:273,1
DA:274,0
DA:277,1
DA:278,0
DA:281,1
DA:282,0
DA:285,1
DA:286,0
DA:287,0
DA:289,0
DA:293,0
DA:297,0
DA:300,1
DA:302,1
DA:303,1
DA:317,1
DA:318,0
DA:319,0
DA:320,0
DA:321,0
DA:322,0
DA:323,0
DA:324,0
DA:325,0
DA:326,0
DA:327,0
DA:328,0
DA:331,1
DA:332,0
DA:333,0
DA:334,0
DA:340,1
DA:341,0
DA:342,0
DA:343,0
DA:353,1
DA:354,0
DA:355,0
DA:356,0
DA:357,0
DA:358,0
DA:359,0
DA:360,0
DA:363,1
DA:364,0
DA:368,0
DA:372,0
DA:373,0
DA:377,0
DA:380,1
DA:381,0
DA:382,0
DA:383,0
DA:384,0
DA:385,0
DA:386,0
DA:387,0
DA:390,0
DA:392,0
DA:393,0
DA:394,0
DA:395,0
DA:396,0
DA:399,0
DA:400,0
DA:401,0
DA:402,0
DA:403,0
DA:404,0
DA:405,0
DA:406,0
DA:407,0
DA:410,0
DA:413,0
DA:414,0
DA:416,0
DA:421,0
DA:425,0
DA:429,0
DA:430,0
DA:432,0
DA:436,0
DA:437,0
DA:439,0
DA:443,0
DA:444,0
DA:445,0
DA:449,1
DA:450,0
DA:451,0
DA:452,0
DA:455,1
DA:456,0
DA:457,0
DA:458,0
DA:460,1
DA:462,1
DA:463,1
DA:465,0
DA:467,1
DA:468,0
DA:469,0
DA:470,0
DA:474,1
DA:475,0
DA:476,0
DA:477,0
DA:478,0
DA:479,0
DA:480,0
DA:481,0
DA:482,0
DA:483,0
DA:488,1
DA:489,0
DA:493,0
DA:497,1
DA:498,0
DA:501,1
DA:502,0
DA:503,0
DA:504,0
DA:505,0
DA:506,0
DA:507,0
DA:509,0
DA:513,0
DA:516,1
DA:517,0
DA:518,0
DA:522,1
DA:523,0
DA:526,1
DA:527,0
DA:528,0
DA:530,1
DA:533,1
DA:537,1
DA:540,0
DA:541,1
DA:542,0
DA:543,0
DA:544,0
DA:545,0
DA:546,0
DA:547,0
DA:548,0
DA:551,1
DA:552,0
DA:555,1
DA:556,0
DA:559,1
DA:560,0
DA:567,1
DA:568,0
DA:569,0
DA:570,0
DA:571,0
DA:575,0
DA:579,0
DA:580,0
DA:582,1
DA:584,1
DA:587,1
DA:588,0
DA:589,0
DA:590,0
DA:591,0
DA:594,0
DA:597,0
DA:598,0
DA:602,1
DA:603,0
DA:606,1
DA:607,0
DA:608,0
DA:610,0
DA:613,1
DA:614,0
DA:615,0
DA:617,0
DA:621,0
DA:622,0
DA:623,0
DA:625,0
DA:628,0
DA:632,0
DA:633,0
DA:634,0
DA:636,0
DA:638,0
DA:642,0
DA:646,0
DA:648,1
DA:650,1
DA:655,1
DA:658,0
DA:663,1
DA:664,0
DA:665,0
DA:666,0
DA:667,0
DA:668,0
DA:669,0
DA:670,0
DA:671,0
DA:672,0
DA:673,0
DA:674,0
DA:675,0
DA:676,0
DA:677,0
DA:678,0
DA:681,1
DA:682,0
DA:683,0
DA:684,0
DA:685,0
DA:687,0
DA:688,0
DA:689,0
DA:693,1
DA:694,0
DA:698,0
DA:702,0
DA:705,0
DA:709,0
DA:713,1
DA:714,0
DA:715,0
DA:716,0
DA:720,1
DA:722,0
DA:731,1
DA:732,0
DA:733,0
DA:734,0
DA:735,0
DA:736,0
DA:740,0
DA:744,0
DA:745,0
DA:746,0
DA:749,1
DA:751,1
DA:752,0
DA:756,1
DA:760,0
DA:761,1
DA:762,0
DA:763,0
DA:764,0
DA:765,0
DA:766,0
DA:769,1
DA:770,0
DA:771,0
DA:772,0
DA:776,1
DA:777,0
DA:780,1
DA:781,0
DA:782,0
DA:784,0
DA:792,1
DA:793,0
DA:794,0
DA:795,0
DA:796,0
DA:797,0
DA:801,0
DA:805,0
DA:809,0
DA:813,0
DA:814,0
DA:815,0
DA:818,1
DA:823,1
DA:826,1
DA:830,1
DA:831,0
DA:832,0
DA:833,0
DA:834,0
DA:835,0
DA:836,0
DA:839,1
DA:840,0
DA:841,0
DA:842,0
DA:846,1
DA:847,0
DA:851,1
DA:852,0
DA:854,0
DA:860,0
DA:861,0
DA:864,1
DA:865,0
DA:866,0
DA:867,0
DA:871,0
DA:875,0
DA:880,0
DA:884,0
DA:886,1
DA:888,1
DA:889,1
DA:893,1
DA:894,0
DA:897,1
DA:898,0
DA:901,1
DA:902,0
DA:905,1
DA:906,0
DA:909,1
DA:910,0
DA:915,1
DA:916,0
DA:917,0
DA:919,1
DA:921,1
DA:927,1
DA:929,1
DA:930,0
DA:933,1
DA:937,1
DA:938,0
DA:941,1
DA:942,0
DA:945,1
DA:946,0
DA:947,0
DA:950,1
DA:953,1
DA:955,1
DA:956,8
DA:957,8
DA:958,8
DA:959,8
DA:960,8
DA:962,8
DA:966,1
DA:967,0
DA:968,0
DA:969,0
DA:970,0
DA:971,0
DA:972,0
DA:974,0
DA:975,0
DA:976,0
DA:978,0
DA:979,0
DA:981,0
DA:985,1
DA:986,0
DA:989,1
DA:990,0
DA:991,0
DA:992,0
DA:993,0
DA:996,1
DA:997,0
DA:998,0
DA:999,0
DA:1003,1
DA:1004,0
DA:1007,1
DA:1008,0
DA:1009,0
DA:1010,0
DA:1011,0
DA:1012,0
DA:1013,0
DA:1017,1
DA:1018,0
DA:1021,1
DA:1022,0
DA:1023,0
DA:1024,0
DA:1025,0
DA:1026,0
DA:1028,0
DA:1029,0
DA:1037,0
DA:1041,0
DA:1043,1
DA:1045,1
DA:1050,1
DA:1051,1
DA:1052,1
DA:1053,1
DA:1054,1
DA:1058,1
DA:1059,0
DA:1060,0
DA:1061,0
DA:1064,1
DA:1069,1
DA:1071,1
DA:1072,1
DA:1075,1
DA:1076,0
DA:1079,1
DA:1082,0
DA:1083,0
DA:1085,0
DA:1086,0
DA:1087,0
DA:1088,0
DA:1089,0
DA:1090,0
DA:1091,0
DA:1092,0
DA:1093,0
DA:1094,0
DA:1095,0
DA:1098,0
DA:1099,0
DA:1100,0
DA:1101,0
DA:1102,0
DA:1103,0
DA:1104,0
DA:1105,0
DA:1106,0
DA:1107,0
DA:1108,0
DA:1109,0
DA:1110,0
DA:1111,0
DA:1112,0
DA:1113,0
DA:1114,0
DA:1115,0
DA:1117,0
DA:1118,0
DA:1119,0
DA:1123,0
DA:1124,0
DA:1129,0
DA:1130,0
DA:1131,0
DA:1132,0
DA:1137,0
DA:1138,0
DA:1139,0
DA:1140,0
DA:1141,0
DA:1142,0
DA:1143,0
DA:1144,0
DA:1147,0
DA:1148,0
DA:1149,0
DA:1150,0
DA:1151,0
DA:1152,0
DA:1153,0
DA:1156,0
DA:1157,0
DA:1158,0
DA:1159,0
DA:1164,0
DA:1165,0
DA:1166,0
DA:1167,0
DA:1168,0
DA:1170,0
DA:1171,0
DA:1172,0
DA:1173,0
DA:1174,0
DA:1175,0
DA:1179,0
DA:1181,1
DA:1183,1
DA:1184,1
DA:1185,1
DA:1189,1
DA:1190,0
DA:1193,1
DA:1194,0
DA:1197,1
DA:1198,0
DA:1201,1
DA:1202,0
DA:1204,0
DA:1205,0
DA:1207,0
DA:1208,0
DA:1209,0
DA:1210,0
DA:1211,0
DA:1214,1
DA:1215,0
DA:1216,0
DA:1217,0
DA:1219,0
DA:1220,0
DA:1221,0
DA:1222,0
DA:1223,0
DA:1224,0
DA:1225,0
DA:1229,1
DA:1231,1
DA:1232,1
DA:1234,1
DA:1235,1
DA:1236,1
DA:1237,1
DA:1238,1
DA:1239,1
DA:1240,1
DA:1241,1
DA:1242,1
DA:1243,1
DA:1244,1
DA:1245,1
DA:1248,1
DA:1249,1
DA:1250,1
DA:1251,1
DA:1252,1
DA:1254,1
DA:1255,1
DA:1256,1
DA:1257,1
DA:1258,1
DA:1259,1
DA:1261,1
DA:1262,0
DA:1263,0
DA:1264,0
DA:1265,0
LF:665
LH:188
BRDA:3,1,0,1
BRDA:3,1,1,1
BRDA:3,1,2,1
BRDA:4,2,0,24
BRDA:4,2,1,0
BRDA:8,3,0,0
BRDA:8,3,1,8
BRDA:21,4,0,0
BRDA:21,4,1,0
BRDA:61,5,0,0
BRDA:61,5,1,0
BRDA:64,6,0,0
BRDA:64,6,1,0
BRDA:65,7,0,0
BRDA:65,7,1,0
BRDA:68,8,0,0
BRDA:68,8,1,0
BRDA:75,9,0,0
BRDA:75,9,1,0
BRDA:79,10,0,0
BRDA:79,10,1,0
BRDA:83,11,0,0
BRDA:83,11,1,0
BRDA:119,12,0,0
BRDA:119,12,1,0
BRDA:141,13,0,0
BRDA:141,13,1,0
BRDA:151,14,0,0
BRDA:151,14,1,0
BRDA:152,15,0,0
BRDA:152,15,1,0
BRDA:153,16,0,0
BRDA:153,16,1,0
BRDA:154,17,0,0
BRDA:154,17,1,0
BRDA:156,18,0,0
BRDA:156,18,1,0
BRDA:160,19,0,0
BRDA:160,19,1,0
BRDA:174,20,0,0
BRDA:174,20,1,0
BRDA:181,21,0,0
BRDA:181,21,1,0
BRDA:187,22,0,0
BRDA:187,22,1,0
BRDA:194,23,0,0
BRDA:194,23,1,0
BRDA:219,24,0,0
BRDA:219,24,1,0
BRDA:251,25,0,0
BRDA:251,25,1,0
BRDA:255,26,0,0
BRDA:255,26,1,0
BRDA:256,27,0,0
BRDA:256,27,1,0
BRDA:257,28,0,0
BRDA:257,28,1,0
BRDA:258,29,0,0
BRDA:258,29,1,0
BRDA:259,30,0,0
BRDA:259,30,1,0
BRDA:262,31,0,0
BRDA:262,31,1,0
BRDA:268,32,0,0
BRDA:268,32,1,0
BRDA:311,33,0,0
BRDA:311,33,1,0
BRDA:312,34,0,0
BRDA:312,34,1,0
BRDA:313,35,0,0
BRDA:313,35,1,0
BRDA:332,36,0,0
BRDA:332,36,1,0
BRDA:360,37,0,0
BRDA:360,37,1,0
BRDA:360,38,0,0
BRDA:360,38,1,0
BRDA:367,39,0,0
BRDA:367,39,1,0
BRDA:374,40,0,0
BRDA:374,40,1,0
BRDA:397,41,0,0
BRDA:397,41,1,0
BRDA:402,42,0,0
BRDA:402,42,1,0
BRDA:409,43,0,0
BRDA:409,43,1,0
BRDA:414,44,0,0
BRDA:414,44,1,0
BRDA:415,45,0,0
BRDA:415,45,1,0
BRDA:436,46,0,0
BRDA:436,46,1,0
BRDA:442,47,0,0
BRDA:442,47,1,0
BRDA:473,48,0,0
BRDA:473,48,1,0
BRDA:479,49,0,0
BRDA:479,49,1,0
BRDA:480,50,0,0
BRDA:480,50,1,0
BRDA:481,51,0,0
BRDA:481,51,1,0
BRDA:491,52,0,0
BRDA:491,52,1,0
BRDA:520,53,0,0
BRDA:520,53,1,0
BRDA:522,54,0,0
BRDA:522,54,1,0
BRDA:531,55,0,0
BRDA:531,55,1,0
BRDA:534,56,0,0
BRDA:534,56,1,0
BRDA:537,57,0,0
BRDA:537,57,1,0
BRDA:541,58,0,0
BRDA:541,58,1,0
BRDA:542,59,0,0
BRDA:542,59,1,0
BRDA:551,60,0,0
BRDA:551,60,1,0
BRDA:552,61,0,0
BRDA:552,61,1,0
BRDA:579,62,0,0
BRDA:579,62,1,0
BRDA:589,63,0,0
BRDA:589,63,1,0
BRDA:590,64,0,0
BRDA:590,64,1,0
BRDA:591,65,0,0
BRDA:591,65,1,0
BRDA:592,66,0,0
BRDA:592,66,1,0
BRDA:593,67,0,0
BRDA:593,67,1,0
BRDA:647,68,0,0
BRDA:647,68,1,0
BRDA:648,69,0,0
BRDA:648,69,1,0
BRDA:677,70,0,0
BRDA:677,70,1,0
BRDA:683,71,0,0
BRDA:683,71,1,0
BRDA:684,72,0,0
BRDA:684,72,1,0
BRDA:687,73,0,0
BRDA:687,73,1,0
BRDA:696,74,0,0
BRDA:696,74,1,0
BRDA:702,75,0,0
BRDA:702,75,1,0
BRDA:703,76,0,0
BRDA:703,76,1,0
BRDA:744,77,0,0
BRDA:744,77,1,0
BRDA:745,78,0,0
BRDA:745,78,1,0
BRDA:748,79,0,0
BRDA:748,79,1,0
BRDA:757,80,0,0
BRDA:757,80,1,0
BRDA:757,81,0,0
BRDA:757,81,1,0
BRDA:831,82,0,0
BRDA:831,82,1,0
BRDA:852,83,0,0
BRDA:852,83,1,0
BRDA:854,84,0,0
BRDA:854,84,1,0
BRDA:855,85,0,0
BRDA:855,85,1,0
BRDA:859,86,0,0
BRDA:859,86,1,0
BRDA:882,87,0,0
BRDA:882,87,1,0
BRDA:882,87,2,0
BRDA:885,88,0,0
BRDA:885,88,1,0
BRDA:897,89,0,0
BRDA:897,89,1,0
BRDA:906,90,0,0
BRDA:906,90,1,0
BRDA:963,91,0,0
BRDA:963,91,1,0
BRDA:972,92,0,0
BRDA:972,92,1,0
BRDA:974,93,0,0
BRDA:974,93,1,0
BRDA:996,94,0,0
BRDA:996,94,1,0
BRDA:1006,95,0,0
BRDA:1006,95,1,0
BRDA:1011,96,0,0
BRDA:1011,96,1,0
BRDA:1014,97,0,0
BRDA:1014,97,1,0
BRDA:1019,98,0,0
BRDA:1019,98,1,0
BRDA:1047,99,0,0
BRDA:1047,99,1,1
BRDA:1064,100,0,0
BRDA:1064,100,1,0
BRDA:1064,101,0,0
BRDA:1064,101,1,0
BRDA:1069,102,0,0
BRDA:1069,102,1,0
BRDA:1070,103,0,0
BRDA:1070,103,1,0
BRDA:1073,104,0,0
BRDA:1073,104,1,0
BRDA:1073,105,0,0
BRDA:1073,105,1,0
BRDA:1078,106,0,0
BRDA:1078,106,1,0
BRDA:1079,107,0,0
BRDA:1079,107,1,0
BRDA:1080,108,0,0
BRDA:1080,108,1,0
BRF:218
BRH:8
end_of_record
TN:
SF:/projects/app/services/utils.ts
FN:3,(anonymous_1)
FN:4,Utils
FN:5,(anonymous_3)
FN:8,(anonymous_4)
FN:15,(anonymous_5)
FNF:5
FNH:1
FNDA:1,(anonymous_1)
FNDA:0,Utils
FNDA:0,(anonymous_3)
FNDA:0,(anonymous_4)
FNDA:0,(anonymous_5)
DA:5,1
DA:7,1
DA:8,0
DA:10,0
DA:16,1
DA:17,0
DA:18,0
DA:19,0
DA:20,0
DA:21,0
DA:23,0
DA:25,1
LF:12
LH:4
BRF:0
BRH:0
end_of_record
